0 info it worked if it ends with ok
1 verbose cli [ 'c:\\Program Files\\nodejs\\node.exe',
1 verbose cli   'c:\\Program Files\\nodejs\\node_modules\\npm\\bin\\npm-cli.js',
1 verbose cli   'install',
1 verbose cli   'nodemon',
1 verbose cli   '-g' ]
2 info using npm@2.14.7
3 info using node@v4.2.1
4 verbose stack Error: EPERM: operation not permitted, mkdir 'C:\Users\Vin¡cius'
4 verbose stack     at Error (native)
5 verbose cwd C:\Users\Vinícius\Documents\contatooh\config
6 error Windows_NT 6.2.9200
7 error argv "c:\\Program Files\\nodejs\\node.exe" "c:\\Program Files\\nodejs\\node_modules\\npm\\bin\\npm-cli.js" "install" "nodemon" "-g"
8 error node v4.2.1
9 error npm  v2.14.7
10 error path C:\Users\Vin¡cius
11 error code EPERM
12 error errno -4048
13 error syscall mkdir
14 error Error: EPERM: operation not permitted, mkdir 'C:\Users\Vin¡cius'
14 error     at Error (native)
14 error  { [Error: EPERM: operation not permitted, mkdir 'C:\Users\Vin¡cius']
14 error   errno: -4048,
14 error   code: 'EPERM',
14 error   syscall: 'mkdir',
14 error   path: 'C:\\Users\\Vin¡cius' }
15 error Please try running this command again as root/Administrator.
16 verbose exit [ -4048, true ]
